\BOOKMARK [0][-]{section*.6}{\376\377\000L\000i\000s\000t\000a\000\040\000d\000e\000\040\000F\000i\000g\000u\000r\000a\000s}{}% 1
\BOOKMARK [0][-]{section*.8}{\376\377\000L\000i\000s\000t\000a\000\040\000d\000e\000\040\000T\000a\000b\000e\000l\000a\000s}{}% 2
\BOOKMARK [0][-]{section*.9}{\376\377\000L\000i\000s\000t\000a\000\040\000d\000e\000\040\000A\000l\000g\000o\000r\000\355\000t\000m\000o\000s}{}% 3
\BOOKMARK [0][-]{section*.10}{\376\377\000L\000i\000s\000t\000a\000\040\000d\000e\000\040\000C\000\363\000d\000i\000g\000o}{}% 4
\BOOKMARK [0][-]{section*.12}{\376\377\000L\000i\000s\000t\000a\000\040\000d\000e\000\040\000S\000\355\000m\000b\000o\000l\000o\000s}{}% 5
\BOOKMARK [0][-]{chapter.13}{\376\377\000I\000n\000t\000r\000o\000d\000u\000\347\000\343\000o}{}% 6
\BOOKMARK [1][-]{section.14}{\376\377\000E\000n\000q\000u\000a\000d\000r\000a\000m\000e\000n\000t\000o}{chapter.13}% 7
\BOOKMARK [2][-]{subsection.16}{\376\377\000A\000p\000r\000e\000s\000e\000n\000t\000a\000\347\000\343\000o\000\040\000d\000a\000\040\000o\000r\000g\000a\000n\000i\000z\000a\000\347\000\343\000o}{section.14}% 8
\BOOKMARK [1][-]{section.17}{\376\377\000D\000e\000s\000c\000r\000i\000\347\000\343\000o\000\040\000d\000o\000\040\000P\000r\000o\000b\000l\000e\000m\000a}{chapter.13}% 9
\BOOKMARK [1][-]{section.18}{\376\377\000O\000b\000j\000e\000t\000i\000v\000o\000s}{chapter.13}% 10
\BOOKMARK [1][-]{section.19}{\376\377\000A\000b\000o\000r\000d\000a\000g\000e\000m}{chapter.13}% 11
\BOOKMARK [2][-]{subsection.20}{\376\377\000A\000\040\000e\000q\000u\000i\000p\000a}{section.19}% 12
\BOOKMARK [2][-]{subsection.21}{\376\377\000M\000e\000t\000o\000d\000o\000l\000o\000g\000i\000a\000\040\000d\000e\000\040\000t\000r\000a\000b\000a\000l\000h\000o}{section.19}% 13
\BOOKMARK [3][-]{section*.22}{\376\377\000D\000i\000v\000i\000s\000\343\000o\000\040\000d\000e\000\040\000s\000p\000r\000i\000n\000t\000s}{subsection.21}% 14
\BOOKMARK [2][-]{subsection.24}{\376\377\000T\000e\000c\000n\000o\000l\000o\000g\000i\000a\000s\000\040\000D\000e\000f\000i\000n\000i\000d\000a\000s}{section.19}% 15
\BOOKMARK [3][-]{section*.25}{\376\377\000F\000e\000r\000r\000a\000m\000e\000n\000t\000a\000s\000\040\000d\000e\000\040\000G\000e\000s\000t\000\343\000o\000\040\000d\000e\000\040\000p\000r\000o\000j\000e\000t\000o\000s}{subsection.24}% 16
\BOOKMARK [3][-]{section*.30}{\376\377\000T\000e\000c\000n\000o\000l\000o\000g\000i\000a\000s\000\040\000p\000a\000r\000a\000\040\000d\000e\000s\000e\000n\000v\000o\000l\000v\000i\000m\000e\000n\000t\000o}{subsection.24}% 17
\BOOKMARK [1][-]{section.39}{\376\377\000D\000e\000s\000a\000f\000i\000o\000s\000\040\000e\000n\000f\000r\000e\000n\000t\000a\000d\000o\000s}{chapter.13}% 18
\BOOKMARK [2][-]{subsection.40}{\376\377\000E\000x\000p\000e\000c\000t\000a\000t\000i\000v\000a\000\040\000c\000r\000i\000a\000d\000a}{section.39}% 19
\BOOKMARK [2][-]{subsection.41}{\376\377\000P\000r\000o\000b\000l\000e\000m\000a\000s}{section.39}% 20
\BOOKMARK [3][-]{section*.42}{\376\377\000F\000a\000l\000t\000a\000\040\000d\000e\000\040\000c\000o\000m\000u\000n\000i\000c\000a\000\347\000\343\000o}{subsection.41}% 21
\BOOKMARK [3][-]{section*.43}{\376\377\000I\000n\000c\000u\000m\000p\000r\000i\000m\000e\000n\000t\000o\000\040\000d\000e\000\040\000t\000a\000r\000e\000f\000a\000s}{subsection.41}% 22
\BOOKMARK [3][-]{section*.44}{\376\377\000D\000e\000s\000c\000o\000n\000h\000e\000c\000i\000m\000e\000n\000t\000o\000\040\000s\000o\000b\000r\000e\000\040\000a\000s\000\040\000f\000e\000r\000r\000a\000m\000e\000n\000t\000a\000s}{subsection.41}% 23
\BOOKMARK [2][-]{subsection.45}{\376\377\000T\000e\000n\000t\000a\000t\000i\000v\000a\000s\000\040\000d\000e\000\040\000s\000o\000l\000u\000\347\000\343\000o}{section.39}% 24
\BOOKMARK [3][-]{section*.46}{\376\377\000R\000e\000u\000n\000i\000\365\000e\000s\000\040\000d\000e\000\040\000e\000q\000u\000i\000p\000a}{subsection.45}% 25
\BOOKMARK [3][-]{section*.47}{\376\377\000C\000o\000m\000u\000n\000i\000c\000a\000\347\000\343\000o\000\040\000c\000o\000m\000\040\000o\000s\000\040\000p\000r\000o\000f\000e\000s\000s\000o\000r\000e\000s\000\040\000e\000n\000v\000o\000l\000v\000i\000d\000o\000s}{subsection.45}% 26
\BOOKMARK [3][-]{section*.48}{\376\377\000R\000e\000d\000u\000\347\000\343\000o\000\040\000d\000a\000\040\000s\000c\000o\000p\000e\000\040\000d\000o\000\040\000p\000r\000o\000j\000e\000t\000o}{subsection.45}% 27
\BOOKMARK [0][-]{chapter.49}{\376\377\000E\000s\000t\000a\000d\000o\000\040\000d\000a\000\040\000A\000r\000t\000e}{}% 28
\BOOKMARK [0][-]{chapter.50}{\376\377\000A\000n\000a\000l\000i\000s\000e\000\040\000d\000o\000\040\000p\000r\000o\000b\000l\000e\000m\000a\000\040\000e\000\040\000d\000e\000s\000e\000n\000h\000o\000\040\000d\000e\000\040\000u\000m\000a\000\040\000s\000o\000l\000u\000\347\000\343\000o}{}% 29
\BOOKMARK [1][-]{section.51}{\376\377\000O\000\040\000D\000o\000m\000i\000n\000i\000o}{chapter.50}% 30
\BOOKMARK [1][-]{section.53}{\376\377\000E\000n\000g\000e\000n\000h\000a\000r\000i\000a\000\040\000d\000e\000\040\000r\000e\000q\000u\000i\000s\000i\000t\000o\000s}{chapter.50}% 31
\BOOKMARK [2][-]{subsection.54}{\376\377\000U\000s\000e\000r\000\040\000F\000l\000o\000w\000\040\000C\000h\000a\000r\000t}{section.53}% 32
\BOOKMARK [2][-]{subsection.55}{\376\377\000R\000e\000q\000u\000i\000s\000i\000t\000o\000s\000\040\000f\000u\000n\000c\000i\000o\000n\000a\000i\000s}{section.53}% 33
\BOOKMARK [3][-]{section*.56}{\376\377\000C\000a\000s\000o\000s\000\040\000d\000e\000\040\000u\000s\000o}{subsection.55}% 34
\BOOKMARK [2][-]{subsection.57}{\376\377\000R\000e\000q\000u\000i\000s\000i\000t\000o\000s\000\040\000n\000\343\000o\000\040\000F\000u\000n\000c\000i\000o\000n\000a\000i\000s}{section.53}% 35
\BOOKMARK [1][-]{section.58}{\376\377\000A\000r\000q\000u\000i\000t\000e\000t\000u\000r\000a\000\040\000d\000o\000\040\000s\000i\000s\000t\000e\000m\000a}{chapter.50}% 36
\BOOKMARK [2][-]{subsection.59}{\376\377\000D\000e\000s\000e\000n\000h\000o\000\040\000d\000o\000\040\000s\000i\000s\000t\000e\000m\000a}{section.58}% 37
\BOOKMARK [2][-]{subsection.60}{\376\377\000N\000i\000v\000e\000l\000\040\0001}{section.58}% 38
\BOOKMARK [2][-]{subsection.61}{\376\377\000N\000i\000v\000e\000l\000\040\0002}{section.58}% 39
\BOOKMARK [2][-]{subsection.62}{\376\377\000N\000i\000v\000e\000l\000\040\0003}{section.58}% 40
\BOOKMARK [2][-]{subsection.63}{\376\377\000N\000i\000v\000e\000l\000\040\0004\000\040\000-\000\040\000C\000\363\000d\000i\000g\000o}{section.58}% 41
\BOOKMARK [2][-]{subsection.64}{\376\377\000P\000a\000d\000r\000\365\000e\000s\000\040\000u\000t\000i\000l\000i\000z\000a\000d\000o\000s}{section.58}% 42
\BOOKMARK [0][-]{chapter.65}{\376\377\000I\000m\000p\000l\000e\000m\000e\000n\000t\000a\000\347\000\343\000o\000\040\000d\000e\000\040\000u\000m\000a\000\040\000s\000o\000l\000u\000\347\000\343\000o}{}% 43
\BOOKMARK [1][-]{section.66}{\376\377\000A\000\040\000I\000m\000p\000l\000e\000m\000e\000n\000t\000a\000\347\000\343\000o}{chapter.65}% 44
\BOOKMARK [2][-]{subsection.67}{}{section.66}% 45
\BOOKMARK [2][-]{subsection.68}{\376\377\000F\000r\000o\000n\000t\000e\000n\000d}{section.66}% 46
\BOOKMARK [2][-]{subsection.69}{\376\377\000D\000e\000p\000l\000o\000y\000m\000e\000n\000t\000s}{section.66}% 47
\BOOKMARK [1][-]{section.70}{\376\377\000T\000e\000s\000t\000e\000s}{chapter.65}% 48
\BOOKMARK [2][-]{subsection.71}{\376\377\000T\000e\000s\000t\000e\000s\000\040\000U\000n\000i\000t\000\341\000r\000i\000o\000s}{section.70}% 49
\BOOKMARK [2][-]{subsection.72}{\376\377\000T\000e\000s\000t\000e\000s\000\040\000d\000e\000\040\000I\000m\000p\000l\000e\000m\000e\000n\000t\000a\000\347\000\343\000o}{section.70}% 50
\BOOKMARK [1][-]{section.73}{\376\377\000A\000v\000a\000l\000i\000a\000\347\000\343\000o\000\040\000d\000a\000\040\000s\000o\000l\000u\000\347\000\343\000o}{chapter.65}% 51
\BOOKMARK [0][-]{chapter.74}{\376\377\000R\000e\000f\000l\000e\000x\000\343\000o\000\040\000s\000o\000b\000r\000e\000\040\000t\000r\000a\000b\000a\000l\000h\000o\000\040\000e\000m\000\040\000e\000q\000u\000i\000p\000a}{}% 52
